CRITICAL - 2023-11-10 07:25:27 --> You must set the database table to be used with your query.
in SYSTEMPATH\Database\BaseConnection.php on line 884.
 1 SYSTEMPATH\Model.php(635): CodeIgniter\Database\BaseConnection->table(null)
 2 SYSTEMPATH\Model.php(863): CodeIgniter\Model->builder()
 3 APPPATH\Controllers\C_cartas.php(31): CodeIgniter\Model->__call('optenerBTsAbrev', [...])
 4 SYSTEMPATH\CodeIgniter.php(942): App\Controllers\C_cartas->coleccion()
 5 SYSTEMPATH\CodeIgniter.php(502): CodeIgniter\CodeIgniter->runController(Object(App\Controllers\C_cartas))
 6 SYSTEMPATH\CodeIgniter.php(361): CodeIgniter\CodeIgniter->handleRequest(null, Object(Config\Cache), false)
 7 FCPATH\index.php(79): CodeIgniter\CodeIgniter->run()
ERROR - 2023-11-10 07:28:51 --> mysqli_sql_exception: Table 'digimontcg.$tablanombre' doesn't exist in C:\xampp\htdocs\DigiMonchosTCG\system\Database\MySQLi\Connection.php:306
Stack trace:
#0 C:\xampp\htdocs\DigiMonchosTCG\system\Database\MySQLi\Connection.php(306): mysqli->query('SELECT MAX($cam...', 0)
#1 C:\xampp\htdocs\DigiMonchosTCG\system\Database\BaseConnection.php(693): CodeIgniter\Database\MySQLi\Connection->execute('SELECT MAX($cam...')
#2 C:\xampp\htdocs\DigiMonchosTCG\system\Database\BaseConnection.php(607): CodeIgniter\Database\BaseConnection->simpleQuery('SELECT MAX($cam...')
#3 C:\xampp\htdocs\DigiMonchosTCG\app\Models\M_digimonTCG.php(78): CodeIgniter\Database\BaseConnection->query('SELECT MAX($cam...')
#4 C:\xampp\htdocs\DigiMonchosTCG\app\Controllers\C_cartas.php(17): App\Models\M_digimonTCG->optenerValorMaximo('cartas', 'coste')
#5 C:\xampp\htdocs\DigiMonchosTCG\system\CodeIgniter.php(942): App\Controllers\C_cartas->coleccion()
#6 C:\xampp\htdocs\DigiMonchosTCG\system\CodeIgniter.php(502): CodeIgniter\CodeIgniter->runController(Object(App\Controllers\C_cartas))
#7 C:\xampp\htdocs\DigiMonchosTCG\system\CodeIgniter.php(361): CodeIgniter\CodeIgniter->handleRequest(NULL, Object(Config\Cache), false)
#8 C:\xampp\htdocs\DigiMonchosTCG\index.php(79): CodeIgniter\CodeIgniter->run()
#9 {main}
CRITICAL - 2023-11-10 07:28:51 --> Table 'digimontcg.$tablanombre' doesn't exist
in SYSTEMPATH\Database\BaseConnection.php on line 647.
 1 APPPATH\Models\M_digimonTCG.php(78): CodeIgniter\Database\BaseConnection->query('SELECT MAX($campo) AS maxCoste FROM $tablaNombre ;')
 2 APPPATH\Controllers\C_cartas.php(17): App\Models\M_digimonTCG->optenerValorMaximo('cartas', 'coste')
 3 SYSTEMPATH\CodeIgniter.php(942): App\Controllers\C_cartas->coleccion()
 4 SYSTEMPATH\CodeIgniter.php(502): CodeIgniter\CodeIgniter->runController(Object(App\Controllers\C_cartas))
 5 SYSTEMPATH\CodeIgniter.php(361): CodeIgniter\CodeIgniter->handleRequest(null, Object(Config\Cache), false)
 6 FCPATH\index.php(79): CodeIgniter\CodeIgniter->run()
CRITICAL - 2023-11-10 07:29:07 --> Undefined property: stdClass::$max
in APPPATH\Controllers\C_cartas.php on line 21.
 1 APPPATH\Controllers\C_cartas.php(21): CodeIgniter\Debug\Exceptions->errorHandler(2, 'Undefined property: stdClass::$max', 'C:\\xampp\\htdocs\\DigiMonchosTCG\\app\\Controllers\\C_cartas.php', 21)
 2 SYSTEMPATH\CodeIgniter.php(942): App\Controllers\C_cartas->coleccion()
 3 SYSTEMPATH\CodeIgniter.php(502): CodeIgniter\CodeIgniter->runController(Object(App\Controllers\C_cartas))
 4 SYSTEMPATH\CodeIgniter.php(361): CodeIgniter\CodeIgniter->handleRequest(null, Object(Config\Cache), false)
 5 FCPATH\index.php(79): CodeIgniter\CodeIgniter->run()
CRITICAL - 2023-11-10 07:29:20 --> You must set the database table to be used with your query.
in SYSTEMPATH\Database\BaseConnection.php on line 884.
 1 SYSTEMPATH\Model.php(635): CodeIgniter\Database\BaseConnection->table(null)
 2 SYSTEMPATH\Model.php(863): CodeIgniter\Model->builder()
 3 APPPATH\Controllers\C_cartas.php(31): CodeIgniter\Model->__call('optenerBTsAbrev', [...])
 4 SYSTEMPATH\CodeIgniter.php(942): App\Controllers\C_cartas->coleccion()
 5 SYSTEMPATH\CodeIgniter.php(502): CodeIgniter\CodeIgniter->runController(Object(App\Controllers\C_cartas))
 6 SYSTEMPATH\CodeIgniter.php(361): CodeIgniter\CodeIgniter->handleRequest(null, Object(Config\Cache), false)
 7 FCPATH\index.php(79): CodeIgniter\CodeIgniter->run()
CRITICAL - 2023-11-10 07:29:31 --> You must set the database table to be used with your query.
in SYSTEMPATH\Database\BaseConnection.php on line 884.
 1 SYSTEMPATH\Model.php(635): CodeIgniter\Database\BaseConnection->table(null)
 2 SYSTEMPATH\Model.php(863): CodeIgniter\Model->builder()
 3 APPPATH\Controllers\C_cartas.php(31): CodeIgniter\Model->__call('optenerBTsAbrev', [...])
 4 SYSTEMPATH\CodeIgniter.php(942): App\Controllers\C_cartas->coleccion()
 5 SYSTEMPATH\CodeIgniter.php(502): CodeIgniter\CodeIgniter->runController(Object(App\Controllers\C_cartas))
 6 SYSTEMPATH\CodeIgniter.php(361): CodeIgniter\CodeIgniter->handleRequest(null, Object(Config\Cache), false)
 7 FCPATH\index.php(79): CodeIgniter\CodeIgniter->run()
CRITICAL - 2023-11-10 07:29:43 --> Undefined property: stdClass::$ddd
in APPPATH\Controllers\C_cartas.php on line 21.
 1 APPPATH\Controllers\C_cartas.php(21): CodeIgniter\Debug\Exceptions->errorHandler(2, 'Undefined property: stdClass::$ddd', 'C:\\xampp\\htdocs\\DigiMonchosTCG\\app\\Controllers\\C_cartas.php', 21)
 2 SYSTEMPATH\CodeIgniter.php(942): App\Controllers\C_cartas->coleccion()
 3 SYSTEMPATH\CodeIgniter.php(502): CodeIgniter\CodeIgniter->runController(Object(App\Controllers\C_cartas))
 4 SYSTEMPATH\CodeIgniter.php(361): CodeIgniter\CodeIgniter->handleRequest(null, Object(Config\Cache), false)
 5 FCPATH\index.php(79): CodeIgniter\CodeIgniter->run()
CRITICAL - 2023-11-10 07:29:57 --> You must set the database table to be used with your query.
in SYSTEMPATH\Database\BaseConnection.php on line 884.
 1 SYSTEMPATH\Model.php(635): CodeIgniter\Database\BaseConnection->table(null)
 2 SYSTEMPATH\Model.php(863): CodeIgniter\Model->builder()
 3 APPPATH\Controllers\C_cartas.php(30): CodeIgniter\Model->__call('optenerBTsAbrev', [...])
 4 SYSTEMPATH\CodeIgniter.php(942): App\Controllers\C_cartas->coleccion()
 5 SYSTEMPATH\CodeIgniter.php(502): CodeIgniter\CodeIgniter->runController(Object(App\Controllers\C_cartas))
 6 SYSTEMPATH\CodeIgniter.php(361): CodeIgniter\CodeIgniter->handleRequest(null, Object(Config\Cache), false)
 7 FCPATH\index.php(79): CodeIgniter\CodeIgniter->run()
CRITICAL - 2023-11-10 07:31:26 --> You must set the database table to be used with your query.
in SYSTEMPATH\Database\BaseConnection.php on line 884.
 1 SYSTEMPATH\Model.php(635): CodeIgniter\Database\BaseConnection->table(null)
 2 SYSTEMPATH\Model.php(863): CodeIgniter\Model->builder()
 3 APPPATH\Controllers\C_cartas.php(30): CodeIgniter\Model->__call('optenerBTsAbrev', [...])
 4 SYSTEMPATH\CodeIgniter.php(942): App\Controllers\C_cartas->coleccion()
 5 SYSTEMPATH\CodeIgniter.php(502): CodeIgniter\CodeIgniter->runController(Object(App\Controllers\C_cartas))
 6 SYSTEMPATH\CodeIgniter.php(361): CodeIgniter\CodeIgniter->handleRequest(null, Object(Config\Cache), false)
 7 FCPATH\index.php(79): CodeIgniter\CodeIgniter->run()
CRITICAL - 2023-11-10 07:31:27 --> You must set the database table to be used with your query.
in SYSTEMPATH\Database\BaseConnection.php on line 884.
 1 SYSTEMPATH\Model.php(635): CodeIgniter\Database\BaseConnection->table(null)
 2 SYSTEMPATH\Model.php(863): CodeIgniter\Model->builder()
 3 APPPATH\Controllers\C_cartas.php(30): CodeIgniter\Model->__call('optenerBTsAbrev', [...])
 4 SYSTEMPATH\CodeIgniter.php(942): App\Controllers\C_cartas->coleccion()
 5 SYSTEMPATH\CodeIgniter.php(502): CodeIgniter\CodeIgniter->runController(Object(App\Controllers\C_cartas))
 6 SYSTEMPATH\CodeIgniter.php(361): CodeIgniter\CodeIgniter->handleRequest(null, Object(Config\Cache), false)
 7 FCPATH\index.php(79): CodeIgniter\CodeIgniter->run()
CRITICAL - 2023-11-10 07:32:10 --> You must set the database table to be used with your query.
in SYSTEMPATH\Database\BaseConnection.php on line 884.
 1 SYSTEMPATH\Model.php(635): CodeIgniter\Database\BaseConnection->table(null)
 2 SYSTEMPATH\Model.php(863): CodeIgniter\Model->builder()
 3 APPPATH\Controllers\C_cartas.php(30): CodeIgniter\Model->__call('optenerBTsAbrev', [...])
 4 SYSTEMPATH\CodeIgniter.php(942): App\Controllers\C_cartas->coleccion()
 5 SYSTEMPATH\CodeIgniter.php(502): CodeIgniter\CodeIgniter->runController(Object(App\Controllers\C_cartas))
 6 SYSTEMPATH\CodeIgniter.php(361): CodeIgniter\CodeIgniter->handleRequest(null, Object(Config\Cache), false)
 7 FCPATH\index.php(79): CodeIgniter\CodeIgniter->run()
CRITICAL - 2023-11-10 07:32:33 --> You must set the database table to be used with your query.
in SYSTEMPATH\Database\BaseConnection.php on line 884.
 1 SYSTEMPATH\Model.php(635): CodeIgniter\Database\BaseConnection->table(null)
 2 SYSTEMPATH\Model.php(863): CodeIgniter\Model->builder()
 3 APPPATH\Controllers\C_cartas.php(24): CodeIgniter\Model->__call('optenerBTsAbrev', [...])
 4 SYSTEMPATH\CodeIgniter.php(942): App\Controllers\C_cartas->coleccion()
 5 SYSTEMPATH\CodeIgniter.php(502): CodeIgniter\CodeIgniter->runController(Object(App\Controllers\C_cartas))
 6 SYSTEMPATH\CodeIgniter.php(361): CodeIgniter\CodeIgniter->handleRequest(null, Object(Config\Cache), false)
 7 FCPATH\index.php(79): CodeIgniter\CodeIgniter->run()
CRITICAL - 2023-11-10 07:32:34 --> You must set the database table to be used with your query.
in SYSTEMPATH\Database\BaseConnection.php on line 884.
 1 SYSTEMPATH\Model.php(635): CodeIgniter\Database\BaseConnection->table(null)
 2 SYSTEMPATH\Model.php(863): CodeIgniter\Model->builder()
 3 APPPATH\Controllers\C_cartas.php(24): CodeIgniter\Model->__call('optenerBTsAbrev', [...])
 4 SYSTEMPATH\CodeIgniter.php(942): App\Controllers\C_cartas->coleccion()
 5 SYSTEMPATH\CodeIgniter.php(502): CodeIgniter\CodeIgniter->runController(Object(App\Controllers\C_cartas))
 6 SYSTEMPATH\CodeIgniter.php(361): CodeIgniter\CodeIgniter->handleRequest(null, Object(Config\Cache), false)
 7 FCPATH\index.php(79): CodeIgniter\CodeIgniter->run()
CRITICAL - 2023-11-10 07:32:37 --> You must set the database table to be used with your query.
in SYSTEMPATH\Database\BaseConnection.php on line 884.
 1 SYSTEMPATH\Model.php(635): CodeIgniter\Database\BaseConnection->table(null)
 2 SYSTEMPATH\Model.php(863): CodeIgniter\Model->builder()
 3 APPPATH\Controllers\C_cartas.php(24): CodeIgniter\Model->__call('optenerBTsAbrev', [...])
 4 SYSTEMPATH\CodeIgniter.php(942): App\Controllers\C_cartas->coleccion()
 5 SYSTEMPATH\CodeIgniter.php(502): CodeIgniter\CodeIgniter->runController(Object(App\Controllers\C_cartas))
 6 SYSTEMPATH\CodeIgniter.php(361): CodeIgniter\CodeIgniter->handleRequest(null, Object(Config\Cache), false)
 7 FCPATH\index.php(79): CodeIgniter\CodeIgniter->run()
CRITICAL - 2023-11-10 07:32:56 --> You must set the database table to be used with your query.
in SYSTEMPATH\Database\BaseConnection.php on line 884.
 1 SYSTEMPATH\Model.php(635): CodeIgniter\Database\BaseConnection->table(null)
 2 SYSTEMPATH\Model.php(863): CodeIgniter\Model->builder()
 3 APPPATH\Controllers\C_cartas.php(24): CodeIgniter\Model->__call('optenerBTsAbrev', [...])
 4 SYSTEMPATH\CodeIgniter.php(942): App\Controllers\C_cartas->coleccion()
 5 SYSTEMPATH\CodeIgniter.php(502): CodeIgniter\CodeIgniter->runController(Object(App\Controllers\C_cartas))
 6 SYSTEMPATH\CodeIgniter.php(361): CodeIgniter\CodeIgniter->handleRequest(null, Object(Config\Cache), false)
 7 FCPATH\index.php(79): CodeIgniter\CodeIgniter->run()
ERROR - 2023-11-10 09:00:00 --> mysqli_sql_exception: Unknown column 'BT1' in 'where clause' in C:\xampp\htdocs\DigiMonchosTCG\system\Database\MySQLi\Connection.php:306
Stack trace:
#0 C:\xampp\htdocs\DigiMonchosTCG\system\Database\MySQLi\Connection.php(306): mysqli->query('SELECT c.numero...', 0)
#1 C:\xampp\htdocs\DigiMonchosTCG\system\Database\BaseConnection.php(693): CodeIgniter\Database\MySQLi\Connection->execute('SELECT c.numero...')
#2 C:\xampp\htdocs\DigiMonchosTCG\system\Database\BaseConnection.php(607): CodeIgniter\Database\BaseConnection->simpleQuery('SELECT c.numero...')
#3 C:\xampp\htdocs\DigiMonchosTCG\app\Models\M_digimonTCG.php(61): CodeIgniter\Database\BaseConnection->query('SELECT c.numero...')
#4 C:\xampp\htdocs\DigiMonchosTCG\app\Controllers\C_cartas.php(44): App\Models\M_digimonTCG->obtenerCarta('BT1-001')
#5 C:\xampp\htdocs\DigiMonchosTCG\system\CodeIgniter.php(942): App\Controllers\C_cartas->cartaInformacion('BT1-001')
#6 C:\xampp\htdocs\DigiMonchosTCG\system\CodeIgniter.php(502): CodeIgniter\CodeIgniter->runController(Object(App\Controllers\C_cartas))
#7 C:\xampp\htdocs\DigiMonchosTCG\system\CodeIgniter.php(361): CodeIgniter\CodeIgniter->handleRequest(NULL, Object(Config\Cache), false)
#8 C:\xampp\htdocs\DigiMonchosTCG\index.php(79): CodeIgniter\CodeIgniter->run()
#9 {main}
CRITICAL - 2023-11-10 09:00:00 --> Unknown column 'BT1' in 'where clause'
in SYSTEMPATH\Database\BaseConnection.php on line 647.
 1 APPPATH\Models\M_digimonTCG.php(61): CodeIgniter\Database\BaseConnection->query('SELECT c.numero_carta, c.nombre AS nombre_carta, 
                (SELECT nombre FROM atributos WHERE id = c.atributo_id) AS atributo,
                (SELECT nombre FROM colores WHERE id = c.color_uno_id) AS color_uno,
                (SELECT nombre FROM colores WHERE id = c.color_dos_id) AS color_dos,
                (SELECT nombre FROM etapas WHERE id = c.etapa_id) AS etapa,
                (SELECT nombre FROM rarezas WHERE id = c.rareza_id) AS rareza,
                (SELECT nombre FROM tipos WHERE id = c.tipo_uno_id) AS tipo,
                (SELECT nombre FROM tiposcarta WHERE id = c.tipo_carta_id) AS tipo_carta,
                (SELECT nombre FROM bts WHERE id = c.bt_id) AS bt_nombre,
                (SELECT abreviatura FROM bts WHERE id = c.bt_id) AS bt_abreviatura
            FROM cartas c
            WHERE c.numero_carta = BT1-001;')
 2 APPPATH\Controllers\C_cartas.php(44): App\Models\M_digimonTCG->obtenerCarta('BT1-001')
 3 SYSTEMPATH\CodeIgniter.php(942): App\Controllers\C_cartas->cartaInformacion('BT1-001')
 4 SYSTEMPATH\CodeIgniter.php(502): CodeIgniter\CodeIgniter->runController(Object(App\Controllers\C_cartas))
 5 SYSTEMPATH\CodeIgniter.php(361): CodeIgniter\CodeIgniter->handleRequest(null, Object(Config\Cache), false)
 6 FCPATH\index.php(79): CodeIgniter\CodeIgniter->run()
ERROR - 2023-11-10 11:24:06 --> mysqli_sql_exception: Unknown column 'c.conste' in 'field list' in C:\xampp\htdocs\DigiMonchosTCG\system\Database\MySQLi\Connection.php:306
Stack trace:
#0 C:\xampp\htdocs\DigiMonchosTCG\system\Database\MySQLi\Connection.php(306): mysqli->query('SELECT c.numero...', 0)
#1 C:\xampp\htdocs\DigiMonchosTCG\system\Database\BaseConnection.php(693): CodeIgniter\Database\MySQLi\Connection->execute('SELECT c.numero...')
#2 C:\xampp\htdocs\DigiMonchosTCG\system\Database\BaseConnection.php(607): CodeIgniter\Database\BaseConnection->simpleQuery('SELECT c.numero...')
#3 C:\xampp\htdocs\DigiMonchosTCG\app\Models\M_digimonTCG.php(61): CodeIgniter\Database\BaseConnection->query('SELECT c.numero...')
#4 C:\xampp\htdocs\DigiMonchosTCG\app\Controllers\C_cartas.php(44): App\Models\M_digimonTCG->obtenerCarta('BT1-001')
#5 C:\xampp\htdocs\DigiMonchosTCG\system\CodeIgniter.php(942): App\Controllers\C_cartas->cartaInformacion('BT1-001')
#6 C:\xampp\htdocs\DigiMonchosTCG\system\CodeIgniter.php(502): CodeIgniter\CodeIgniter->runController(Object(App\Controllers\C_cartas))
#7 C:\xampp\htdocs\DigiMonchosTCG\system\CodeIgniter.php(361): CodeIgniter\CodeIgniter->handleRequest(NULL, Object(Config\Cache), false)
#8 C:\xampp\htdocs\DigiMonchosTCG\index.php(79): CodeIgniter\CodeIgniter->run()
#9 {main}
CRITICAL - 2023-11-10 11:24:06 --> Unknown column 'c.conste' in 'field list'
in SYSTEMPATH\Database\BaseConnection.php on line 647.
 1 APPPATH\Models\M_digimonTCG.php(61): CodeIgniter\Database\BaseConnection->query('SELECT c.numero_carta, c.url_imagen, c.conste, c.efecto, c.digievolucion_efecto, c.efecto_seguridad, 
                c.coste_digievolucion_uno AS digiEvoUno, c.coste_digievolucion_dos AS digiEvoUno, 
                c.nombre AS nombre_carta, 
                    (SELECT nombre FROM atributos WHERE id = c.atributo_id) AS atributo,
                    (SELECT nombre FROM colores WHERE id = c.color_uno_id) AS color_uno,
                    (SELECT nombre FROM colores WHERE id = c.color_dos_id) AS color_dos,
                    (SELECT nombre FROM etapas WHERE id = c.etapa_id) AS etapa,
                    (SELECT nombre FROM rarezas WHERE id = c.rareza_id) AS rareza,
                    (SELECT nombre FROM tipos WHERE id = c.tipo_uno_id) AS tipo,
                    (SELECT nombre FROM tiposcarta WHERE id = c.tipo_carta_id) AS tipo_carta,
                    (SELECT nombre FROM bts WHERE id = c.bt_id) AS bt_nombre,
                    (SELECT abreviatura FROM bts WHERE id = c.bt_id) AS bt_abreviatura
            FROM cartas c
            WHERE c.numero_carta = \'BT1-001\';')
 2 APPPATH\Controllers\C_cartas.php(44): App\Models\M_digimonTCG->obtenerCarta('BT1-001')
 3 SYSTEMPATH\CodeIgniter.php(942): App\Controllers\C_cartas->cartaInformacion('BT1-001')
 4 SYSTEMPATH\CodeIgniter.php(502): CodeIgniter\CodeIgniter->runController(Object(App\Controllers\C_cartas))
 5 SYSTEMPATH\CodeIgniter.php(361): CodeIgniter\CodeIgniter->handleRequest(null, Object(Config\Cache), false)
 6 FCPATH\index.php(79): CodeIgniter\CodeIgniter->run()
ERROR - 2023-11-10 11:24:19 --> mysqli_sql_exception: Unknown column 'c.conste' in 'field list' in C:\xampp\htdocs\DigiMonchosTCG\system\Database\MySQLi\Connection.php:306
Stack trace:
#0 C:\xampp\htdocs\DigiMonchosTCG\system\Database\MySQLi\Connection.php(306): mysqli->query('SELECT c.numero...', 0)
#1 C:\xampp\htdocs\DigiMonchosTCG\system\Database\BaseConnection.php(693): CodeIgniter\Database\MySQLi\Connection->execute('SELECT c.numero...')
#2 C:\xampp\htdocs\DigiMonchosTCG\system\Database\BaseConnection.php(607): CodeIgniter\Database\BaseConnection->simpleQuery('SELECT c.numero...')
#3 C:\xampp\htdocs\DigiMonchosTCG\app\Models\M_digimonTCG.php(61): CodeIgniter\Database\BaseConnection->query('SELECT c.numero...')
#4 C:\xampp\htdocs\DigiMonchosTCG\app\Controllers\C_cartas.php(44): App\Models\M_digimonTCG->obtenerCarta('BT1-001')
#5 C:\xampp\htdocs\DigiMonchosTCG\system\CodeIgniter.php(942): App\Controllers\C_cartas->cartaInformacion('BT1-001')
#6 C:\xampp\htdocs\DigiMonchosTCG\system\CodeIgniter.php(502): CodeIgniter\CodeIgniter->runController(Object(App\Controllers\C_cartas))
#7 C:\xampp\htdocs\DigiMonchosTCG\system\CodeIgniter.php(361): CodeIgniter\CodeIgniter->handleRequest(NULL, Object(Config\Cache), false)
#8 C:\xampp\htdocs\DigiMonchosTCG\index.php(79): CodeIgniter\CodeIgniter->run()
#9 {main}
CRITICAL - 2023-11-10 11:24:19 --> Unknown column 'c.conste' in 'field list'
in SYSTEMPATH\Database\BaseConnection.php on line 647.
 1 APPPATH\Models\M_digimonTCG.php(61): CodeIgniter\Database\BaseConnection->query('SELECT c.numero_carta, c.url_imagen, c.conste, c.efecto, c.digievolucion_efecto, c.efecto_seguridad, 
                c.coste_digievolucion_uno AS digiEvoUno, c.coste_digievolucion_dos AS digiEvoUno, 
                c.nombre AS nombre_carta, 
                    (SELECT nombre FROM atributos WHERE id = c.atributo_id) AS atributo,
                    (SELECT nombre FROM colores WHERE id = c.color_uno_id) AS color_uno,
                    (SELECT nombre FROM colores WHERE id = c.color_dos_id) AS color_dos,
                    (SELECT nombre FROM etapas WHERE id = c.etapa_id) AS etapa,
                    (SELECT nombre FROM rarezas WHERE id = c.rareza_id) AS rareza,
                    (SELECT nombre FROM tipos WHERE id = c.tipo_uno_id) AS tipo,
                    (SELECT nombre FROM tiposcarta WHERE id = c.tipo_carta_id) AS tipo_carta,
                    (SELECT nombre FROM bts WHERE id = c.bt_id) AS bt_nombre,
                    (SELECT abreviatura FROM bts WHERE id = c.bt_id) AS bt_abreviatura
            FROM cartas c
            WHERE c.numero_carta = \'BT1-001\';')
 2 APPPATH\Controllers\C_cartas.php(44): App\Models\M_digimonTCG->obtenerCarta('BT1-001')
 3 SYSTEMPATH\CodeIgniter.php(942): App\Controllers\C_cartas->cartaInformacion('BT1-001')
 4 SYSTEMPATH\CodeIgniter.php(502): CodeIgniter\CodeIgniter->runController(Object(App\Controllers\C_cartas))
 5 SYSTEMPATH\CodeIgniter.php(361): CodeIgniter\CodeIgniter->handleRequest(null, Object(Config\Cache), false)
 6 FCPATH\index.php(79): CodeIgniter\CodeIgniter->run()
ERROR - 2023-11-10 11:28:05 --> mysqli_sql_exception: Unknown column 'c.conste' in 'field list' in C:\xampp\htdocs\DigiMonchosTCG\system\Database\MySQLi\Connection.php:306
Stack trace:
#0 C:\xampp\htdocs\DigiMonchosTCG\system\Database\MySQLi\Connection.php(306): mysqli->query('SELECT c.numero...', 0)
#1 C:\xampp\htdocs\DigiMonchosTCG\system\Database\BaseConnection.php(693): CodeIgniter\Database\MySQLi\Connection->execute('SELECT c.numero...')
#2 C:\xampp\htdocs\DigiMonchosTCG\system\Database\BaseConnection.php(607): CodeIgniter\Database\BaseConnection->simpleQuery('SELECT c.numero...')
#3 C:\xampp\htdocs\DigiMonchosTCG\app\Models\M_digimonTCG.php(61): CodeIgniter\Database\BaseConnection->query('SELECT c.numero...')
#4 C:\xampp\htdocs\DigiMonchosTCG\app\Controllers\C_cartas.php(44): App\Models\M_digimonTCG->obtenerCarta('BT1-003')
#5 C:\xampp\htdocs\DigiMonchosTCG\system\CodeIgniter.php(942): App\Controllers\C_cartas->cartaInformacion('BT1-003')
#6 C:\xampp\htdocs\DigiMonchosTCG\system\CodeIgniter.php(502): CodeIgniter\CodeIgniter->runController(Object(App\Controllers\C_cartas))
#7 C:\xampp\htdocs\DigiMonchosTCG\system\CodeIgniter.php(361): CodeIgniter\CodeIgniter->handleRequest(NULL, Object(Config\Cache), false)
#8 C:\xampp\htdocs\DigiMonchosTCG\index.php(79): CodeIgniter\CodeIgniter->run()
#9 {main}
CRITICAL - 2023-11-10 11:28:05 --> Unknown column 'c.conste' in 'field list'
in SYSTEMPATH\Database\BaseConnection.php on line 647.
 1 APPPATH\Models\M_digimonTCG.php(61): CodeIgniter\Database\BaseConnection->query('SELECT c.numero_carta, c.url_imagen, c.conste, c.efecto, c.digievolucion_efecto, c.efecto_seguridad, 
                c.coste_digievolucion_uno AS digiEvoUno, c.coste_digievolucion_dos AS digiEvoUno, 
                c.nombre AS nombre_carta, 
                    (SELECT nombre FROM atributos WHERE id = c.atributo_id) AS atributo,
                    (SELECT nombre FROM colores WHERE id = c.color_uno_id) AS color_uno,
                    (SELECT nombre FROM colores WHERE id = c.color_dos_id) AS color_dos,
                    (SELECT nombre FROM etapas WHERE id = c.etapa_id) AS etapa,
                    (SELECT nombre FROM rarezas WHERE id = c.rareza_id) AS rareza,
                    (SELECT nombre FROM tipos WHERE id = c.tipo_uno_id) AS tipo,
                    (SELECT nombre FROM tiposcarta WHERE id = c.tipo_carta_id) AS tipo_carta,
                    (SELECT nombre FROM bts WHERE id = c.bt_id) AS bt_nombre,
                    (SELECT abreviatura FROM bts WHERE id = c.bt_id) AS bt_abreviatura
            FROM cartas c
            WHERE c.numero_carta = \'BT1-003\';')
 2 APPPATH\Controllers\C_cartas.php(44): App\Models\M_digimonTCG->obtenerCarta('BT1-003')
 3 SYSTEMPATH\CodeIgniter.php(942): App\Controllers\C_cartas->cartaInformacion('BT1-003')
 4 SYSTEMPATH\CodeIgniter.php(502): CodeIgniter\CodeIgniter->runController(Object(App\Controllers\C_cartas))
 5 SYSTEMPATH\CodeIgniter.php(361): CodeIgniter\CodeIgniter->handleRequest(null, Object(Config\Cache), false)
 6 FCPATH\index.php(79): CodeIgniter\CodeIgniter->run()
CRITICAL - 2023-11-10 11:29:42 --> Undefined variable $carta
in APPPATH\Views\cartas\VcartaInformacion.php on line 4.
 1 APPPATH\Views\cartas\VcartaInformacion.php(4): CodeIgniter\Debug\Exceptions->errorHandler(2, 'Undefined variable $carta', 'C:\\xampp\\htdocs\\DigiMonchosTCG\\app\\Views\\cartas\\VcartaInformacion.php', 4)
 2 SYSTEMPATH\View\View.php(228): include('C:\\xampp\\htdocs\\DigiMonchosTCG\\app\\Views\\cartas\\VcartaInformacion.php')
 3 SYSTEMPATH\View\View.php(231): CodeIgniter\View\View->CodeIgniter\View\{closure}()
 4 SYSTEMPATH\Common.php(1190): CodeIgniter\View\View->render('cartas/VcartaInformacion', [], true)
 5 APPPATH\Controllers\C_cartas.php(48): view('cartas/VcartaInformacion', [...])
 6 SYSTEMPATH\CodeIgniter.php(942): App\Controllers\C_cartas->cartaInformacion('BT1-003')
 7 SYSTEMPATH\CodeIgniter.php(502): CodeIgniter\CodeIgniter->runController(Object(App\Controllers\C_cartas))
 8 SYSTEMPATH\CodeIgniter.php(361): CodeIgniter\CodeIgniter->handleRequest(null, Object(Config\Cache), false)
 9 FCPATH\index.php(79): CodeIgniter\CodeIgniter->run()
CRITICAL - 2023-11-10 11:30:12 --> Undefined property: stdClass::$nombre
in APPPATH\Views\cartas\VcartaInformacion.php on line 7.
 1 APPPATH\Views\cartas\VcartaInformacion.php(7): CodeIgniter\Debug\Exceptions->errorHandler(2, 'Undefined property: stdClass::$nombre', 'C:\\xampp\\htdocs\\DigiMonchosTCG\\app\\Views\\cartas\\VcartaInformacion.php', 7)
 2 SYSTEMPATH\View\View.php(228): include('C:\\xampp\\htdocs\\DigiMonchosTCG\\app\\Views\\cartas\\VcartaInformacion.php')
 3 SYSTEMPATH\View\View.php(231): CodeIgniter\View\View->CodeIgniter\View\{closure}()
 4 SYSTEMPATH\Common.php(1190): CodeIgniter\View\View->render('cartas/VcartaInformacion', [], true)
 5 APPPATH\Controllers\C_cartas.php(49): view('cartas/VcartaInformacion', [...])
 6 SYSTEMPATH\CodeIgniter.php(942): App\Controllers\C_cartas->cartaInformacion('BT1-003')
 7 SYSTEMPATH\CodeIgniter.php(502): CodeIgniter\CodeIgniter->runController(Object(App\Controllers\C_cartas))
 8 SYSTEMPATH\CodeIgniter.php(361): CodeIgniter\CodeIgniter->handleRequest(null, Object(Config\Cache), false)
 9 FCPATH\index.php(79): CodeIgniter\CodeIgniter->run()
ERROR - 2023-11-10 11:46:09 --> mysqli_sql_exception: Unknown column 'rol' in 'field list' in C:\xampp\htdocs\DigiMonchosTCG\system\Database\MySQLi\Connection.php:306
Stack trace:
#0 C:\xampp\htdocs\DigiMonchosTCG\system\Database\MySQLi\Connection.php(306): mysqli->query('SELECT `id`, `u...', 0)
#1 C:\xampp\htdocs\DigiMonchosTCG\system\Database\BaseConnection.php(693): CodeIgniter\Database\MySQLi\Connection->execute('SELECT `id`, `u...')
#2 C:\xampp\htdocs\DigiMonchosTCG\system\Database\BaseConnection.php(607): CodeIgniter\Database\BaseConnection->simpleQuery('SELECT `id`, `u...')
#3 C:\xampp\htdocs\DigiMonchosTCG\system\Database\BaseBuilder.php(1615): CodeIgniter\Database\BaseConnection->query('SELECT `id`, `u...', Array, false)
#4 C:\xampp\htdocs\DigiMonchosTCG\app\Models\M_digimonTCG.php(31): CodeIgniter\Database\BaseBuilder->get()
#5 C:\xampp\htdocs\DigiMonchosTCG\app\Controllers\C_login.php(35): App\Models\M_digimonTCG->comprobarLogin('DestroyGK', '123456')
#6 C:\xampp\htdocs\DigiMonchosTCG\system\CodeIgniter.php(942): App\Controllers\C_login->logearse()
#7 C:\xampp\htdocs\DigiMonchosTCG\system\CodeIgniter.php(502): CodeIgniter\CodeIgniter->runController(Object(App\Controllers\C_login))
#8 C:\xampp\htdocs\DigiMonchosTCG\system\CodeIgniter.php(361): CodeIgniter\CodeIgniter->handleRequest(NULL, Object(Config\Cache), false)
#9 C:\xampp\htdocs\DigiMonchosTCG\index.php(79): CodeIgniter\CodeIgniter->run()
#10 {main}
CRITICAL - 2023-11-10 11:46:09 --> Unknown column 'rol' in 'field list'
in SYSTEMPATH\Database\BaseConnection.php on line 647.
 1 SYSTEMPATH\Database\BaseBuilder.php(1615): CodeIgniter\Database\BaseConnection->query('SELECT `id`, `usuario`, `rol`, `contrasena`
FROM `usuarios`
WHERE `usuario` = :usuario:', [...], false)
 2 APPPATH\Models\M_digimonTCG.php(31): CodeIgniter\Database\BaseBuilder->get()
 3 APPPATH\Controllers\C_login.php(35): App\Models\M_digimonTCG->comprobarLogin('DestroyGK', '123456')
 4 SYSTEMPATH\CodeIgniter.php(942): App\Controllers\C_login->logearse()
 5 SYSTEMPATH\CodeIgniter.php(502): CodeIgniter\CodeIgniter->runController(Object(App\Controllers\C_login))
 6 SYSTEMPATH\CodeIgniter.php(361): CodeIgniter\CodeIgniter->handleRequest(null, Object(Config\Cache), false)
 7 FCPATH\index.php(79): CodeIgniter\CodeIgniter->run()
CRITICAL - 2023-11-10 12:13:39 --> Unmatched '}'
in APPPATH\Views\cartas\VcartaInformacion.php on line 105.
 1 SYSTEMPATH\View\View.php(231): CodeIgniter\View\View->CodeIgniter\View\{closure}()
 2 SYSTEMPATH\Common.php(1190): CodeIgniter\View\View->render('cartas/VcartaInformacion', [], true)
 3 APPPATH\Controllers\C_cartas.php(49): view('cartas/VcartaInformacion', [...])
 4 SYSTEMPATH\CodeIgniter.php(942): App\Controllers\C_cartas->cartaInformacion('BT1-003')
 5 SYSTEMPATH\CodeIgniter.php(502): CodeIgniter\CodeIgniter->runController(Object(App\Controllers\C_cartas))
 6 SYSTEMPATH\CodeIgniter.php(361): CodeIgniter\CodeIgniter->handleRequest(null, Object(Config\Cache), false)
 7 FCPATH\index.php(79): CodeIgniter\CodeIgniter->run()
CRITICAL - 2023-11-10 12:17:47 --> Attempt to read property "numero_carta" on null
in APPPATH\Controllers\C_cartas.php on line 45.
 1 APPPATH\Controllers\C_cartas.php(45): CodeIgniter\Debug\Exceptions->errorHandler(2, 'Attempt to read property "numero_carta" on null', 'C:\\xampp\\htdocs\\DigiMonchosTCG\\app\\Controllers\\C_cartas.php', 45)
 2 SYSTEMPATH\CodeIgniter.php(942): App\Controllers\C_cartas->cartaInformacion('BT14-010')
 3 SYSTEMPATH\CodeIgniter.php(502): CodeIgniter\CodeIgniter->runController(Object(App\Controllers\C_cartas))
 4 SYSTEMPATH\CodeIgniter.php(361): CodeIgniter\CodeIgniter->handleRequest(null, Object(Config\Cache), false)
 5 FCPATH\index.php(79): CodeIgniter\CodeIgniter->run()
