CRITICAL - 2023-11-09 11:33:27 --> Undefined constant "form_"
in APPPATH\Views\coleccion.php on line 7.
 1 SYSTEMPATH\View\View.php(228): include()
 2 SYSTEMPATH\View\View.php(231): CodeIgniter\View\View->CodeIgniter\View\{closure}()
 3 SYSTEMPATH\Common.php(1190): CodeIgniter\View\View->render('coleccion', [], true)
 4 APPPATH\Controllers\C_cartas.php(20): view('coleccion', [...])
 5 SYSTEMPATH\CodeIgniter.php(942): App\Controllers\C_cartas->coleccion()
 6 SYSTEMPATH\CodeIgniter.php(502): CodeIgniter\CodeIgniter->runController(Object(App\Controllers\C_cartas))
 7 SYSTEMPATH\CodeIgniter.php(361): CodeIgniter\CodeIgniter->handleRequest(null, Object(Config\Cache), false)
 8 FCPATH\index.php(79): CodeIgniter\CodeIgniter->run()
CRITICAL - 2023-11-09 11:33:29 --> Undefined constant "form_"
in APPPATH\Views\coleccion.php on line 7.
 1 SYSTEMPATH\View\View.php(228): include()
 2 SYSTEMPATH\View\View.php(231): CodeIgniter\View\View->CodeIgniter\View\{closure}()
 3 SYSTEMPATH\Common.php(1190): CodeIgniter\View\View->render('coleccion', [], true)
 4 APPPATH\Controllers\C_cartas.php(20): view('coleccion', [...])
 5 SYSTEMPATH\CodeIgniter.php(942): App\Controllers\C_cartas->coleccion()
 6 SYSTEMPATH\CodeIgniter.php(502): CodeIgniter\CodeIgniter->runController(Object(App\Controllers\C_cartas))
 7 SYSTEMPATH\CodeIgniter.php(361): CodeIgniter\CodeIgniter->handleRequest(null, Object(Config\Cache), false)
 8 FCPATH\index.php(79): CodeIgniter\CodeIgniter->run()
CRITICAL - 2023-11-09 11:41:56 --> Object of class stdClass could not be converted to string
in SYSTEMPATH\Helpers\form_helper.php on line 333.
 1 SYSTEMPATH\Helpers\form_helper.php(254): form_dropdown('colorUno', [...], [], '  multiple="multiple"')
 2 APPPATH\Views\coleccion.php(7): form_multiselect('colorUno', [...])
 3 SYSTEMPATH\View\View.php(228): include('C:\\xampp\\htdocs\\DigiMonchosTCG\\app\\Views\\coleccion.php')
 4 SYSTEMPATH\View\View.php(231): CodeIgniter\View\View->CodeIgniter\View\{closure}()
 5 SYSTEMPATH\Common.php(1190): CodeIgniter\View\View->render('coleccion', [], true)
 6 APPPATH\Controllers\C_cartas.php(21): view('coleccion', [...])
 7 SYSTEMPATH\CodeIgniter.php(942): App\Controllers\C_cartas->coleccion()
 8 SYSTEMPATH\CodeIgniter.php(502): CodeIgniter\CodeIgniter->runController(Object(App\Controllers\C_cartas))
 9 SYSTEMPATH\CodeIgniter.php(361): CodeIgniter\CodeIgniter->handleRequest(null, Object(Config\Cache), false)
10 FCPATH\index.php(79): CodeIgniter\CodeIgniter->run()
CRITICAL - 2023-11-09 11:42:04 --> Object of class stdClass could not be converted to string
in SYSTEMPATH\Helpers\form_helper.php on line 333.
 1 SYSTEMPATH\Helpers\form_helper.php(254): form_dropdown('colorUno', [...], [], '  multiple="multiple"')
 2 APPPATH\Views\coleccion.php(7): form_multiselect('colorUno', [...])
 3 SYSTEMPATH\View\View.php(228): include('C:\\xampp\\htdocs\\DigiMonchosTCG\\app\\Views\\coleccion.php')
 4 SYSTEMPATH\View\View.php(231): CodeIgniter\View\View->CodeIgniter\View\{closure}()
 5 SYSTEMPATH\Common.php(1190): CodeIgniter\View\View->render('coleccion', [], true)
 6 APPPATH\Controllers\C_cartas.php(21): view('coleccion', [...])
 7 SYSTEMPATH\CodeIgniter.php(942): App\Controllers\C_cartas->coleccion()
 8 SYSTEMPATH\CodeIgniter.php(502): CodeIgniter\CodeIgniter->runController(Object(App\Controllers\C_cartas))
 9 SYSTEMPATH\CodeIgniter.php(361): CodeIgniter\CodeIgniter->handleRequest(null, Object(Config\Cache), false)
10 FCPATH\index.php(79): CodeIgniter\CodeIgniter->run()
CRITICAL - 2023-11-09 11:42:05 --> Object of class stdClass could not be converted to string
in SYSTEMPATH\Helpers\form_helper.php on line 333.
 1 SYSTEMPATH\Helpers\form_helper.php(254): form_dropdown('colorUno', [...], [], '  multiple="multiple"')
 2 APPPATH\Views\coleccion.php(7): form_multiselect('colorUno', [...])
 3 SYSTEMPATH\View\View.php(228): include('C:\\xampp\\htdocs\\DigiMonchosTCG\\app\\Views\\coleccion.php')
 4 SYSTEMPATH\View\View.php(231): CodeIgniter\View\View->CodeIgniter\View\{closure}()
 5 SYSTEMPATH\Common.php(1190): CodeIgniter\View\View->render('coleccion', [], true)
 6 APPPATH\Controllers\C_cartas.php(21): view('coleccion', [...])
 7 SYSTEMPATH\CodeIgniter.php(942): App\Controllers\C_cartas->coleccion()
 8 SYSTEMPATH\CodeIgniter.php(502): CodeIgniter\CodeIgniter->runController(Object(App\Controllers\C_cartas))
 9 SYSTEMPATH\CodeIgniter.php(361): CodeIgniter\CodeIgniter->handleRequest(null, Object(Config\Cache), false)
10 FCPATH\index.php(79): CodeIgniter\CodeIgniter->run()
CRITICAL - 2023-11-09 11:44:17 --> Object of class stdClass could not be converted to string
in SYSTEMPATH\Helpers\form_helper.php on line 333.
 1 SYSTEMPATH\Helpers\form_helper.php(254): form_dropdown('colorUno', [...], [], '  multiple="multiple"')
 2 APPPATH\Views\coleccion.php(7): form_multiselect('colorUno', [...])
 3 SYSTEMPATH\View\View.php(228): include('C:\\xampp\\htdocs\\DigiMonchosTCG\\app\\Views\\coleccion.php')
 4 SYSTEMPATH\View\View.php(231): CodeIgniter\View\View->CodeIgniter\View\{closure}()
 5 SYSTEMPATH\Common.php(1190): CodeIgniter\View\View->render('coleccion', [], true)
 6 APPPATH\Controllers\C_cartas.php(21): view('coleccion', [...])
 7 SYSTEMPATH\CodeIgniter.php(942): App\Controllers\C_cartas->coleccion()
 8 SYSTEMPATH\CodeIgniter.php(502): CodeIgniter\CodeIgniter->runController(Object(App\Controllers\C_cartas))
 9 SYSTEMPATH\CodeIgniter.php(361): CodeIgniter\CodeIgniter->handleRequest(null, Object(Config\Cache), false)
10 FCPATH\index.php(79): CodeIgniter\CodeIgniter->run()
CRITICAL - 2023-11-09 11:46:12 --> Object of class stdClass could not be converted to string
in SYSTEMPATH\Helpers\form_helper.php on line 801.
 1 SYSTEMPATH\Helpers\form_helper.php(308): parse_form_attributes([...], [...])
 2 APPPATH\Views\coleccion.php(7): form_dropdown([...])
 3 SYSTEMPATH\View\View.php(228): include('C:\\xampp\\htdocs\\DigiMonchosTCG\\app\\Views\\coleccion.php')
 4 SYSTEMPATH\View\View.php(231): CodeIgniter\View\View->CodeIgniter\View\{closure}()
 5 SYSTEMPATH\Common.php(1190): CodeIgniter\View\View->render('coleccion', [], true)
 6 APPPATH\Controllers\C_cartas.php(21): view('coleccion', [...])
 7 SYSTEMPATH\CodeIgniter.php(942): App\Controllers\C_cartas->coleccion()
 8 SYSTEMPATH\CodeIgniter.php(502): CodeIgniter\CodeIgniter->runController(Object(App\Controllers\C_cartas))
 9 SYSTEMPATH\CodeIgniter.php(361): CodeIgniter\CodeIgniter->handleRequest(null, Object(Config\Cache), false)
10 FCPATH\index.php(79): CodeIgniter\CodeIgniter->run()
CRITICAL - 2023-11-09 11:46:53 --> Array to string conversion
in SYSTEMPATH\Helpers\form_helper.php on line 801.
 1 SYSTEMPATH\Helpers\form_helper.php(801): CodeIgniter\Debug\Exceptions->errorHandler(2, 'Array to string conversion', 'C:\\xampp\\htdocs\\DigiMonchosTCG\\system\\Helpers\\form_helper.php', 801)
 2 SYSTEMPATH\Helpers\form_helper.php(308): parse_form_attributes([...], [...])
 3 APPPATH\Views\coleccion.php(7): form_dropdown([...])
 4 SYSTEMPATH\View\View.php(228): include('C:\\xampp\\htdocs\\DigiMonchosTCG\\app\\Views\\coleccion.php')
 5 SYSTEMPATH\View\View.php(231): CodeIgniter\View\View->CodeIgniter\View\{closure}()
 6 SYSTEMPATH\Common.php(1190): CodeIgniter\View\View->render('coleccion', [], true)
 7 APPPATH\Controllers\C_cartas.php(21): view('coleccion', [...])
 8 SYSTEMPATH\CodeIgniter.php(942): App\Controllers\C_cartas->coleccion()
 9 SYSTEMPATH\CodeIgniter.php(502): CodeIgniter\CodeIgniter->runController(Object(App\Controllers\C_cartas))
10 SYSTEMPATH\CodeIgniter.php(361): CodeIgniter\CodeIgniter->handleRequest(null, Object(Config\Cache), false)
11 FCPATH\index.php(79): CodeIgniter\CodeIgniter->run()
CRITICAL - 2023-11-09 11:48:06 --> Array to string conversion
in SYSTEMPATH\Helpers\form_helper.php on line 801.
 1 SYSTEMPATH\Helpers\form_helper.php(801): CodeIgniter\Debug\Exceptions->errorHandler(2, 'Array to string conversion', 'C:\\xampp\\htdocs\\DigiMonchosTCG\\system\\Helpers\\form_helper.php', 801)
 2 SYSTEMPATH\Helpers\form_helper.php(308): parse_form_attributes([...], [...])
 3 APPPATH\Views\coleccion.php(7): form_dropdown([...])
 4 SYSTEMPATH\View\View.php(228): include('C:\\xampp\\htdocs\\DigiMonchosTCG\\app\\Views\\coleccion.php')
 5 SYSTEMPATH\View\View.php(231): CodeIgniter\View\View->CodeIgniter\View\{closure}()
 6 SYSTEMPATH\Common.php(1190): CodeIgniter\View\View->render('coleccion', [], true)
 7 APPPATH\Controllers\C_cartas.php(21): view('coleccion', [...])
 8 SYSTEMPATH\CodeIgniter.php(942): App\Controllers\C_cartas->coleccion()
 9 SYSTEMPATH\CodeIgniter.php(502): CodeIgniter\CodeIgniter->runController(Object(App\Controllers\C_cartas))
10 SYSTEMPATH\CodeIgniter.php(361): CodeIgniter\CodeIgniter->handleRequest(null, Object(Config\Cache), false)
11 FCPATH\index.php(79): CodeIgniter\CodeIgniter->run()
CRITICAL - 2023-11-09 11:50:33 --> Undefined variable $coloresNombre
in APPPATH\Views\coleccion.php on line 13.
 1 APPPATH\Views\coleccion.php(13): CodeIgniter\Debug\Exceptions->errorHandler(2, 'Undefined variable $coloresNombre', 'C:\\xampp\\htdocs\\DigiMonchosTCG\\app\\Views\\coleccion.php', 13)
 2 SYSTEMPATH\View\View.php(228): include('C:\\xampp\\htdocs\\DigiMonchosTCG\\app\\Views\\coleccion.php')
 3 SYSTEMPATH\View\View.php(231): CodeIgniter\View\View->CodeIgniter\View\{closure}()
 4 SYSTEMPATH\Common.php(1190): CodeIgniter\View\View->render('coleccion', [], true)
 5 APPPATH\Controllers\C_cartas.php(21): view('coleccion', [...])
 6 SYSTEMPATH\CodeIgniter.php(942): App\Controllers\C_cartas->coleccion()
 7 SYSTEMPATH\CodeIgniter.php(502): CodeIgniter\CodeIgniter->runController(Object(App\Controllers\C_cartas))
 8 SYSTEMPATH\CodeIgniter.php(361): CodeIgniter\CodeIgniter->handleRequest(null, Object(Config\Cache), false)
 9 FCPATH\index.php(79): CodeIgniter\CodeIgniter->run()
CRITICAL - 2023-11-09 12:26:09 --> Undefined array key "nombre"
in APPPATH\Views\coleccion.php on line 33.
 1 APPPATH\Views\coleccion.php(33): CodeIgniter\Debug\Exceptions->errorHandler(2, 'Undefined array key "nombre"', 'C:\\xampp\\htdocs\\DigiMonchosTCG\\app\\Views\\coleccion.php', 33)
 2 SYSTEMPATH\View\View.php(228): include('C:\\xampp\\htdocs\\DigiMonchosTCG\\app\\Views\\coleccion.php')
 3 SYSTEMPATH\View\View.php(231): CodeIgniter\View\View->CodeIgniter\View\{closure}()
 4 SYSTEMPATH\Common.php(1190): CodeIgniter\View\View->render('coleccion', [], true)
 5 APPPATH\Controllers\C_cartas.php(24): view('coleccion', [...])
 6 SYSTEMPATH\CodeIgniter.php(942): App\Controllers\C_cartas->coleccion()
 7 SYSTEMPATH\CodeIgniter.php(502): CodeIgniter\CodeIgniter->runController(Object(App\Controllers\C_cartas))
 8 SYSTEMPATH\CodeIgniter.php(361): CodeIgniter\CodeIgniter->handleRequest(null, Object(Config\Cache), false)
 9 FCPATH\index.php(79): CodeIgniter\CodeIgniter->run()
CRITICAL - 2023-11-09 12:26:26 --> Undefined array key "nombre"
in APPPATH\Views\coleccion.php on line 33.
 1 APPPATH\Views\coleccion.php(33): CodeIgniter\Debug\Exceptions->errorHandler(2, 'Undefined array key "nombre"', 'C:\\xampp\\htdocs\\DigiMonchosTCG\\app\\Views\\coleccion.php', 33)
 2 SYSTEMPATH\View\View.php(228): include('C:\\xampp\\htdocs\\DigiMonchosTCG\\app\\Views\\coleccion.php')
 3 SYSTEMPATH\View\View.php(231): CodeIgniter\View\View->CodeIgniter\View\{closure}()
 4 SYSTEMPATH\Common.php(1190): CodeIgniter\View\View->render('coleccion', [], true)
 5 APPPATH\Controllers\C_cartas.php(24): view('coleccion', [...])
 6 SYSTEMPATH\CodeIgniter.php(942): App\Controllers\C_cartas->coleccion()
 7 SYSTEMPATH\CodeIgniter.php(502): CodeIgniter\CodeIgniter->runController(Object(App\Controllers\C_cartas))
 8 SYSTEMPATH\CodeIgniter.php(361): CodeIgniter\CodeIgniter->handleRequest(null, Object(Config\Cache), false)
 9 FCPATH\index.php(79): CodeIgniter\CodeIgniter->run()
